<?xml version="1.0" encoding="UTF-8"?>
<!-- Generated by org.testng.reporters.JUnitXMLReporter -->
<testsuite ignored="0" hostname="MyPC" failures="0" tests="6" name="LoginTest" time="135.525" errors="0" timestamp="2024-11-19T17:40:39 IST">
  <testcase classname="examples.DataProvider1" name="login" time="24.24"/>
  <testcase classname="examples.DataProvider1" name="login" time="21.302"/>
  <testcase classname="examples.DataProvider1" name="login" time="21.069"/>
  <testcase classname="examples.DataProvider2" name="login" time="22.363"/>
  <testcase classname="examples.DataProvider2" name="login" time="21.013"/>
  <testcase classname="examples.DataProvider2" name="login" time="25.471"/>
</testsuite> <!-- LoginTest -->
