<?xml version="1.0" encoding="UTF-8"?>
<testng-results ignored="0" total="1" passed="1" failed="0" skipped="0">
  <reporter-output>
  </reporter-output>
  <suite started-at="2024-11-22T17:34:34 IST" name="Default suite" finished-at="2024-11-22T17:34:42 IST" duration-ms="7908">
    <groups>
    </groups>
    <test started-at="2024-11-22T17:34:34 IST" name="Default test" finished-at="2024-11-22T17:34:42 IST" duration-ms="7908">
      <class name="examples.SoftAssertions1">
        <test-method signature="example()[pri:0, instance:examples.SoftAssertions1@24569dba]" started-at="2024-11-22T17:34:34 IST" name="example" finished-at="2024-11-22T17:34:42 IST" duration-ms="7865" status="PASS">
          <reporter-output>
          </reporter-output>
        </test-method> <!-- example -->
      </class> <!-- examples.SoftAssertions1 -->
    </test> <!-- Default test -->
  </suite> <!-- Default suite -->
</testng-results>
